<?xml version="1.0" encoding="UTF-8"?>
<!-- Generated by org.testng.reporters.JUnitReportReporter -->
<testsuite hostname="DESKTOP-AOMMAF5" failures="0" tests="1" name="ContactPage.CreateContactTest" time="12.200" errors="0" timestamp="2025-07-21T22:00:22 IST" skipped="0">
  <testcase classname="ContactPage.CreateContactTest" name="createContactTest" time="12.200"/>
</testsuite> <!-- ContactPage.CreateContactTest -->
