<?xml version="1.0" encoding="UTF-8"?>
<!-- Generated by org.testng.reporters.JUnitReportReporter -->
<testsuite hostname="DESKTOP-AOMMAF5" failures="0" tests="1" name="ContactPage.CreateContactTest" time="12.939" errors="0" timestamp="2025-07-09T08:27:45 IST" skipped="0">
  <testcase classname="ContactPage.CreateContactTest" name="createContactTest" time="12.939"/>
</testsuite> <!-- ContactPage.CreateContactTest -->
