<?xml version="1.0" encoding="UTF-8"?>
<!-- Generated by org.testng.reporters.JUnitReportReporter -->
<testsuite hostname="DESKTOP-AOMMAF5" failures="0" tests="1" name="TestNG_Practice.HardAssert" time="0.023" errors="0" timestamp="2025-07-04T07:51:51 IST" skipped="0">
  <testcase classname="TestNG_Practice.HardAssert" name="m12" time="0.023"/>
</testsuite> <!-- TestNG_Practice.HardAssert -->
