<?xml version="1.0" encoding="UTF-8"?>
<!-- Generated by org.testng.reporters.JUnitReportReporter -->
<testsuite hostname="DESKTOP-AOMMAF5" failures="0" tests="1" name="Campaigns.CreateCapaingnsProductTest" time="22.512" errors="0" timestamp="2025-07-21T23:13:57 IST" skipped="0">
  <testcase classname="Campaigns.CreateCapaingnsProductTest" name="createCapaingnsProductTest" time="22.512"/>
</testsuite> <!-- Campaigns.CreateCapaingnsProductTest -->
