<?xml version="1.0" encoding="UTF-8"?>
<!-- Generated by org.testng.reporters.JUnitReportReporter -->
<testsuite hostname="DESKTOP-AOMMAF5" failures="0" tests="1" name="Organization.CreateOrganizationLinkTest" time="17.562" errors="0" timestamp="2025-07-08T08:13:44 IST" skipped="0">
  <testcase classname="Organization.CreateOrganizationLinkTest" name="createOrganizationLinkTest" time="17.562"/>
</testsuite> <!-- Organization.CreateOrganizationLinkTest -->
