<?xml version="1.0" encoding="UTF-8"?>
<!-- Generated by org.testng.reporters.JUnitReportReporter -->
<testsuite hostname="DESKTOP-AOMMAF5" failures="0" tests="1" name="Campaigns.CreateCampaignsTest" time="12.659" errors="0" timestamp="2025-07-21T23:02:07 IST" skipped="0">
  <testcase classname="Campaigns.CreateCampaignsTest" name="createCampaignsTest" time="12.659"/>
</testsuite> <!-- Campaigns.CreateCampaignsTest -->
