<?xml version="1.0" encoding="UTF-8"?>
<!-- Generated by org.testng.reporters.JUnitReportReporter -->
<testsuite hostname="DESKTOP-AOMMAF5" failures="0" tests="1" name="Product.CreateAndDeleteProdcutTest" time="31.866" errors="0" timestamp="2025-07-08T22:28:59 IST" skipped="0">
  <testcase classname="Product.CreateAndDeleteProdcutTest" name="createAndDeleteProdcutTest" time="31.866"/>
</testsuite> <!-- Product.CreateAndDeleteProdcutTest -->
