<?xml version="1.0" encoding="UTF-8"?>
<!-- Generated by org.testng.reporters.JUnitReportReporter -->
<testsuite hostname="DESKTOP-AOMMAF5" failures="0" tests="2" name="TestNG_Practice.SampleTest" time="0.017" errors="0" timestamp="2025-06-27T08:51:45 IST" skipped="0">
  <testcase classname="TestNG_Practice.SampleTest" name="delectProduct" time="0.002"/>
  <testcase classname="TestNG_Practice.SampleTest" name="updateProduct" time="0.015"/>
</testsuite> <!-- TestNG_Practice.SampleTest -->
