<?xml version="1.0" encoding="UTF-8"?>
<!-- Generated by org.testng.reporters.JUnitReportReporter -->
<testsuite hostname="DESKTOP-AOMMAF5" failures="0" tests="3" name="TestNG_Practice.DataProviderEx1" time="0.027" errors="0" timestamp="2025-06-28T07:45:12 IST" skipped="0">
  <testcase classname="TestNG_Practice.DataProviderEx1" name="bookTickets" time="0.002"/>
  <testcase classname="TestNG_Practice.DataProviderEx1" name="bookTickets" time="0.004"/>
  <testcase classname="TestNG_Practice.DataProviderEx1" name="bookTickets" time="0.021"/>
</testsuite> <!-- TestNG_Practice.DataProviderEx1 -->
