<?xml version="1.0" encoding="UTF-8"?>
<!-- Generated by org.testng.reporters.JUnitReportReporter -->
<testsuite hostname="DESKTOP-AOMMAF5" failures="0" tests="1" name="Campaigns.CreateCampaignsTest" time="13.448" errors="0" timestamp="2025-07-09T08:27:45 IST" skipped="0">
  <testcase classname="Campaigns.CreateCampaignsTest" name="createCampaignsTest" time="13.448"/>
</testsuite> <!-- Campaigns.CreateCampaignsTest -->
