<?xml version="1.0" encoding="UTF-8"?>
<!-- Generated by org.testng.reporters.JUnitReportReporter -->
<testsuite hostname="DESKTOP-AOMMAF5" failures="0" tests="1" name="Campaigns.CreateCampaignsTest" time="11.692" errors="0" timestamp="2025-07-21T22:02:11 IST" skipped="0">
  <testcase classname="Campaigns.CreateCampaignsTest" name="createCampaignsTest" time="11.692"/>
</testsuite> <!-- Campaigns.CreateCampaignsTest -->
