<?xml version="1.0" encoding="UTF-8"?>
<!-- Generated by org.testng.reporters.JUnitReportReporter -->
<testsuite hostname="DESKTOP-AOMMAF5" failures="0" tests="1" name="Campaigns.CreateCapaingnsProductTest" time="18.660" errors="0" timestamp="2025-07-09T08:27:45 IST" skipped="0">
  <testcase classname="Campaigns.CreateCapaingnsProductTest" name="createCapaingnsProductTest" time="18.660"/>
</testsuite> <!-- Campaigns.CreateCapaingnsProductTest -->
