<?xml version="1.0" encoding="UTF-8"?>
<!-- Generated by org.testng.reporters.JUnitReportReporter -->
<testsuite hostname="DESKTOP-AOMMAF5" failures="0" tests="2" name="TestNG_Practice.DataProviderExcelEx3" time="74.674" errors="0" timestamp="2025-06-28T14:40:35 IST" skipped="0">
  <testcase classname="TestNG_Practice.DataProviderExcelEx3" name="createContact" time="56.612"/>
  <testcase classname="TestNG_Practice.DataProviderExcelEx3" name="createContact" time="18.062"/>
</testsuite> <!-- TestNG_Practice.DataProviderExcelEx3 -->
